<?xml version="1.0" encoding="UTF-8"?>
<testsuite name="tests.WebQuizEngineTest" tests="1" skipped="0" failures="1" errors="0" timestamp="2021-07-01T18:29:42" hostname="DESKTOP-9MJNA4D" time="5.7">
  <properties/>
  <testcase name="start" classname="tests.WebQuizEngineTest" time="5.7">
    <failure message="java.lang.AssertionError: Wrong answer in test #1&#10;&#10;GET /api/quizzes should respond with status code 200, responded: 401&#10;&#10;Response body:&#10;&#10;{&quot;timestamp&quot;:&quot;2021-07-01T18:29:48.501+0000&quot;,&quot;status&quot;:401,&quot;error&quot;:&quot;Unauthorized&quot;,&quot;message&quot;:&quot;Unauthorized&quot;,&quot;path&quot;:&quot;/api/quizzes&quot;}&#10;&#10;Please find below the output of your program during this failed test.&#10;&#10;---&#10;&#10;&#10;  .   ____          _            __ _ _&#10; /\\ / ___'_ __ _ _(_)_ __  __ _ \ \ \ \&#10;( ( )\___ | '_ | '_| | '_ \/ _` | \ \ \ \&#10; \\/  ___)| |_)| | | | | || (_| |  ) ) ) )&#10;  '  |____| .__|_| |_|_| |_\__, | / / / /&#10; =========|_|==============|___/=/_/_/_/&#10; :: Spring Boot ::        (v2.2.2.RELEASE)&#10;&#10;2021-07-01 20:29:43.548  INFO 6888 --- [    Test worker] engine.WebQuizEngine                     : Starting WebQuizEngine on DESKTOP-9MJNA4D with PID 6888 (started by erikj in D:\Web Quiz Engine\Web Quiz Engine\task)&#10;2021-07-01 20:29:43.553  INFO 6888 --- [    Test worker] engine.WebQuizEngine                     : No active profile set, falling back to default profiles: default&#10;2021-07-01 20:29:44.612  INFO 6888 --- [    Test worker] .s.d.r.c.RepositoryConfigurationDelegate : Bootstrapping Spring Data JPA repositories in DEFAULT mode.&#10;2021-07-01 20:29:44.665  INFO 6888 --- [    Test worker] .s.d.r.c.RepositoryConfigurationDelegate : Finished Spring Data repository scanning in 44ms. Found 1 JPA repository interfaces.&#10;2021-07-01 20:29:45.001  INFO 6888 --- [    Test worker] trationDelegate$BeanPostProcessorChecker : Bean 'org.springframework.transaction.annotation.ProxyTransactionManagementConfiguration' of type [org.springframework.transaction.annotation.ProxyTransactionManagementConfiguration] is not eligible for getting processed by all BeanPostProcessors (for example: not eligible for auto-proxying)&#10;2021-07-01 20:29:45.264  INFO 6888 --- [    Test worker] o.s.b.w.embedded.tomcat.TomcatWebServer  : Tomcat initialized with port(s): 9090 (http)&#10;2021-07-01 20:29:45.291  INFO 6888 --- [    Test worker] o.apache.catalina.core.StandardService   : Starting service [Tomcat]&#10;2021-07-01 20:29:45.292  INFO 6888 --- [    Test worker] org.apache.catalina.core.StandardEngine  : Starting Servlet engine: [Apache Tomcat/9.0.29]&#10;2021-07-01 20:29:45.415  INFO 6888 --- [    Test worker] o.a.c.c.C.[Tomcat].[localhost].[/]       : Initializing Spring embedded WebApplicationContext&#10;2021-07-01 20:29:45.415  INFO 6888 --- [    Test worker] o.s.web.context.ContextLoader            : Root WebApplicationContext: initialization completed in 1819 ms&#10;2021-07-01 20:29:45.536  INFO 6888 --- [    Test worker] com.zaxxer.hikari.HikariDataSource       : HikariPool-1 - Starting...&#10;2021-07-01 20:29:45.759  INFO 6888 --- [    Test worker] com.zaxxer.hikari.HikariDataSource       : HikariPool-1 - Start completed.&#10;2021-07-01 20:29:45.768  INFO 6888 --- [    Test worker] o.s.b.a.h2.H2ConsoleAutoConfiguration    : H2 console available at '/h2-console'. Database available at 'jdbc:h2:file:../quizdb'&#10;2021-07-01 20:29:46.017  INFO 6888 --- [    Test worker] o.hibernate.jpa.internal.util.LogHelper  : HHH000204: Processing PersistenceUnitInfo [name: default]&#10;2021-07-01 20:29:46.114  INFO 6888 --- [    Test worker] org.hibernate.Version                    : HHH000412: Hibernate Core {5.4.9.Final}&#10;2021-07-01 20:29:46.318  INFO 6888 --- [    Test worker] o.hibernate.annotations.common.Version   : HCANN000001: Hibernate Commons Annotations {5.1.0.Final}&#10;2021-07-01 20:29:46.442  INFO 6888 --- [    Test worker] org.hibernate.dialect.Dialect            : HHH000400: Using dialect: org.hibernate.dialect.H2Dialect&#10;Hibernate: create table quiz (id bigint not null, answer binary(255), options binary(255), text varchar(255), title varchar(255), primary key (id))&#10;Hibernate: create sequence hibernate_sequence start with 1 increment by 1&#10;2021-07-01 20:29:47.105  INFO 6888 --- [    Test worker] o.h.e.t.j.p.i.JtaPlatformInitiator       : HHH000490: Using JtaPlatform implementation: [org.hibernate.engine.transaction.jta.platform.internal.NoJtaPlatform]&#10;2021-07-01 20:29:47.114  INFO 6888 --- [    Test worker] j.LocalContainerEntityManagerFactoryBean : Initialized JPA EntityManagerFactory for persistence unit 'default'&#10;2021-07-01 20:29:47.434  WARN 6888 --- [    Test worker] JpaBaseConfiguration$JpaWebConfiguration : spring.jpa.open-in-view is enabled by default. Therefore, database queries may be performed during view rendering. Explicitly configure spring.jpa.open-in-view to disable this warning&#10;2021-07-01 20:29:47.536  INFO 6888 --- [    Test worker] o.s.s.concurrent.ThreadPoolTaskExecutor  : Initializing ExecutorService 'applicationTaskExecutor'&#10;2021-07-01 20:29:47.830  INFO 6888 --- [    Test worker] .s.s.UserDetailsServiceAutoConfiguration : &#10;&#10;Using generated security password: ac35fc9c-6443-4cf6-8af4-47ae1ac0224d&#10;&#10;2021-07-01 20:29:47.915  INFO 6888 --- [    Test worker] o.s.s.web.DefaultSecurityFilterChain     : Creating filter chain: any request, [org.springframework.security.web.context.request.async.WebAsyncManagerIntegrationFilter@7aca4cd1, org.springframework.security.web.context.SecurityContextPersistenceFilter@6258e9ea, org.springframework.security.web.header.HeaderWriterFilter@4dea01c9, org.springframework.security.web.csrf.CsrfFilter@294c2b7f, org.springframework.security.web.authentication.logout.LogoutFilter@59535e07, org.springframework.security.web.authentication.UsernamePasswordAuthenticationFilter@b7051ff, org.springframework.security.web.authentication.ui.DefaultLoginPageGeneratingFilter@56263ded, org.springframework.security.web.authentication.ui.DefaultLogoutPageGeneratingFilter@4f705240, org.springframework.security.web.authentication.www.BasicAuthenticationFilter@182212d9, org.springframework.security.web.savedrequest.RequestCacheAwareFilter@69d549b9, org.springframework.security.web.servletapi.SecurityContextHolderAwareRequestFilter@98af5, org.springframework.security.web.authentication.AnonymousAuthenticationFilter@f96fb49, org.springframework.security.web.session.SessionManagementFilter@3ead8c5e, org.springframework.security.web.access.ExceptionTranslationFilter@7b32d672, org.springframework.security.web.access.intercept.FilterSecurityInterceptor@48084fbc]&#10;2021-07-01 20:29:47.948  INFO 6888 --- [    Test worker] o.s.b.a.e.web.EndpointLinksResolver      : Exposing 14 endpoint(s) beneath base path '/actuator'&#10;2021-07-01 20:29:48.009  INFO 6888 --- [    Test worker] o.s.b.w.embedded.tomcat.TomcatWebServer  : Tomcat started on port(s): 9090 (http) with context path ''&#10;2021-07-01 20:29:48.012  INFO 6888 --- [    Test worker] engine.WebQuizEngine                     : Started WebQuizEngine in 4.816 seconds (JVM running for 5.639)&#10;2021-07-01 20:29:48.357  INFO 6888 --- [nio-9090-exec-1] o.a.c.c.C.[Tomcat].[localhost].[/]       : Initializing Spring DispatcherServlet 'dispatcherServlet'&#10;2021-07-01 20:29:48.358  INFO 6888 --- [nio-9090-exec-1] o.s.web.servlet.DispatcherServlet        : Initializing Servlet 'dispatcherServlet'&#10;2021-07-01 20:29:48.369  INFO 6888 --- [nio-9090-exec-1] o.s.web.servlet.DispatcherServlet        : Completed initialization in 11 ms" type="java.lang.AssertionError">java.lang.AssertionError: Wrong answer in test #1

GET /api/quizzes should respond with status code 200, responded: 401

Response body:

{&quot;timestamp&quot;:&quot;2021-07-01T18:29:48.501+0000&quot;,&quot;status&quot;:401,&quot;error&quot;:&quot;Unauthorized&quot;,&quot;message&quot;:&quot;Unauthorized&quot;,&quot;path&quot;:&quot;/api/quizzes&quot;}

Please find below the output of your program during this failed test.

---


  .   ____          _            __ _ _
 /\\ / ___'_ __ _ _(_)_ __  __ _ \ \ \ \
( ( )\___ | '_ | '_| | '_ \/ _` | \ \ \ \
 \\/  ___)| |_)| | | | | || (_| |  ) ) ) )
  '  |____| .__|_| |_|_| |_\__, | / / / /
 =========|_|==============|___/=/_/_/_/
 :: Spring Boot ::        (v2.2.2.RELEASE)

2021-07-01 20:29:43.548  INFO 6888 --- [    Test worker] engine.WebQuizEngine                     : Starting WebQuizEngine on DESKTOP-9MJNA4D with PID 6888 (started by erikj in D:\Web Quiz Engine\Web Quiz Engine\task)
2021-07-01 20:29:43.553  INFO 6888 --- [    Test worker] engine.WebQuizEngine                     : No active profile set, falling back to default profiles: default
2021-07-01 20:29:44.612  INFO 6888 --- [    Test worker] .s.d.r.c.RepositoryConfigurationDelegate : Bootstrapping Spring Data JPA repositories in DEFAULT mode.
2021-07-01 20:29:44.665  INFO 6888 --- [    Test worker] .s.d.r.c.RepositoryConfigurationDelegate : Finished Spring Data repository scanning in 44ms. Found 1 JPA repository interfaces.
2021-07-01 20:29:45.001  INFO 6888 --- [    Test worker] trationDelegate$BeanPostProcessorChecker : Bean 'org.springframework.transaction.annotation.ProxyTransactionManagementConfiguration' of type [org.springframework.transaction.annotation.ProxyTransactionManagementConfiguration] is not eligible for getting processed by all BeanPostProcessors (for example: not eligible for auto-proxying)
2021-07-01 20:29:45.264  INFO 6888 --- [    Test worker] o.s.b.w.embedded.tomcat.TomcatWebServer  : Tomcat initialized with port(s): 9090 (http)
2021-07-01 20:29:45.291  INFO 6888 --- [    Test worker] o.apache.catalina.core.StandardService   : Starting service [Tomcat]
2021-07-01 20:29:45.292  INFO 6888 --- [    Test worker] org.apache.catalina.core.StandardEngine  : Starting Servlet engine: [Apache Tomcat/9.0.29]
2021-07-01 20:29:45.415  INFO 6888 --- [    Test worker] o.a.c.c.C.[Tomcat].[localhost].[/]       : Initializing Spring embedded WebApplicationContext
2021-07-01 20:29:45.415  INFO 6888 --- [    Test worker] o.s.web.context.ContextLoader            : Root WebApplicationContext: initialization completed in 1819 ms
2021-07-01 20:29:45.536  INFO 6888 --- [    Test worker] com.zaxxer.hikari.HikariDataSource       : HikariPool-1 - Starting...
2021-07-01 20:29:45.759  INFO 6888 --- [    Test worker] com.zaxxer.hikari.HikariDataSource       : HikariPool-1 - Start completed.
2021-07-01 20:29:45.768  INFO 6888 --- [    Test worker] o.s.b.a.h2.H2ConsoleAutoConfiguration    : H2 console available at '/h2-console'. Database available at 'jdbc:h2:file:../quizdb'
2021-07-01 20:29:46.017  INFO 6888 --- [    Test worker] o.hibernate.jpa.internal.util.LogHelper  : HHH000204: Processing PersistenceUnitInfo [name: default]
2021-07-01 20:29:46.114  INFO 6888 --- [    Test worker] org.hibernate.Version                    : HHH000412: Hibernate Core {5.4.9.Final}
2021-07-01 20:29:46.318  INFO 6888 --- [    Test worker] o.hibernate.annotations.common.Version   : HCANN000001: Hibernate Commons Annotations {5.1.0.Final}
2021-07-01 20:29:46.442  INFO 6888 --- [    Test worker] org.hibernate.dialect.Dialect            : HHH000400: Using dialect: org.hibernate.dialect.H2Dialect
Hibernate: create table quiz (id bigint not null, answer binary(255), options binary(255), text varchar(255), title varchar(255), primary key (id))
Hibernate: create sequence hibernate_sequence start with 1 increment by 1
2021-07-01 20:29:47.105  INFO 6888 --- [    Test worker] o.h.e.t.j.p.i.JtaPlatformInitiator       : HHH000490: Using JtaPlatform implementation: [org.hibernate.engine.transaction.jta.platform.internal.NoJtaPlatform]
2021-07-01 20:29:47.114  INFO 6888 --- [    Test worker] j.LocalContainerEntityManagerFactoryBean : Initialized JPA EntityManagerFactory for persistence unit 'default'
2021-07-01 20:29:47.434  WARN 6888 --- [    Test worker] JpaBaseConfiguration$JpaWebConfiguration : spring.jpa.open-in-view is enabled by default. Therefore, database queries may be performed during view rendering. Explicitly configure spring.jpa.open-in-view to disable this warning
2021-07-01 20:29:47.536  INFO 6888 --- [    Test worker] o.s.s.concurrent.ThreadPoolTaskExecutor  : Initializing ExecutorService 'applicationTaskExecutor'
2021-07-01 20:29:47.830  INFO 6888 --- [    Test worker] .s.s.UserDetailsServiceAutoConfiguration : 

Using generated security password: ac35fc9c-6443-4cf6-8af4-47ae1ac0224d

2021-07-01 20:29:47.915  INFO 6888 --- [    Test worker] o.s.s.web.DefaultSecurityFilterChain     : Creating filter chain: any request, [org.springframework.security.web.context.request.async.WebAsyncManagerIntegrationFilter@7aca4cd1, org.springframework.security.web.context.SecurityContextPersistenceFilter@6258e9ea, org.springframework.security.web.header.HeaderWriterFilter@4dea01c9, org.springframework.security.web.csrf.CsrfFilter@294c2b7f, org.springframework.security.web.authentication.logout.LogoutFilter@59535e07, org.springframework.security.web.authentication.UsernamePasswordAuthenticationFilter@b7051ff, org.springframework.security.web.authentication.ui.DefaultLoginPageGeneratingFilter@56263ded, org.springframework.security.web.authentication.ui.DefaultLogoutPageGeneratingFilter@4f705240, org.springframework.security.web.authentication.www.BasicAuthenticationFilter@182212d9, org.springframework.security.web.savedrequest.RequestCacheAwareFilter@69d549b9, org.springframework.security.web.servletapi.SecurityContextHolderAwareRequestFilter@98af5, org.springframework.security.web.authentication.AnonymousAuthenticationFilter@f96fb49, org.springframework.security.web.session.SessionManagementFilter@3ead8c5e, org.springframework.security.web.access.ExceptionTranslationFilter@7b32d672, org.springframework.security.web.access.intercept.FilterSecurityInterceptor@48084fbc]
2021-07-01 20:29:47.948  INFO 6888 --- [    Test worker] o.s.b.a.e.web.EndpointLinksResolver      : Exposing 14 endpoint(s) beneath base path '/actuator'
2021-07-01 20:29:48.009  INFO 6888 --- [    Test worker] o.s.b.w.embedded.tomcat.TomcatWebServer  : Tomcat started on port(s): 9090 (http) with context path ''
2021-07-01 20:29:48.012  INFO 6888 --- [    Test worker] engine.WebQuizEngine                     : Started WebQuizEngine in 4.816 seconds (JVM running for 5.639)
2021-07-01 20:29:48.357  INFO 6888 --- [nio-9090-exec-1] o.a.c.c.C.[Tomcat].[localhost].[/]       : Initializing Spring DispatcherServlet 'dispatcherServlet'
2021-07-01 20:29:48.358  INFO 6888 --- [nio-9090-exec-1] o.s.web.servlet.DispatcherServlet        : Initializing Servlet 'dispatcherServlet'
2021-07-01 20:29:48.369  INFO 6888 --- [nio-9090-exec-1] o.s.web.servlet.DispatcherServlet        : Completed initialization in 11 ms
	at org.junit.Assert.fail(Assert.java:88)
	at org.hyperskill.hstest.stage.StageTest.start(StageTest.java:141)
	at java.base/jdk.internal.reflect.NativeMethodAccessorImpl.invoke0(Native Method)
	at java.base/jdk.internal.reflect.NativeMethodAccessorImpl.invoke(NativeMethodAccessorImpl.java:62)
	at java.base/jdk.internal.reflect.DelegatingMethodAccessorImpl.invoke(DelegatingMethodAccessorImpl.java:43)
	at java.base/java.lang.reflect.Method.invoke(Method.java:566)
	at org.junit.runners.model.FrameworkMethod$1.runReflectiveCall(FrameworkMethod.java:50)
	at org.junit.internal.runners.model.ReflectiveCallable.run(ReflectiveCallable.java:12)
	at org.junit.runners.model.FrameworkMethod.invokeExplosively(FrameworkMethod.java:47)
	at org.junit.internal.runners.statements.InvokeMethod.evaluate(InvokeMethod.java:17)
	at org.junit.internal.runners.statements.RunAfters.evaluate(RunAfters.java:27)
	at org.junit.runners.ParentRunner.runLeaf(ParentRunner.java:325)
	at org.junit.runners.BlockJUnit4ClassRunner.runChild(BlockJUnit4ClassRunner.java:78)
	at org.junit.runners.BlockJUnit4ClassRunner.runChild(BlockJUnit4ClassRunner.java:57)
	at org.junit.runners.ParentRunner$3.run(ParentRunner.java:290)
	at org.junit.runners.ParentRunner$1.schedule(ParentRunner.java:71)
	at org.junit.runners.ParentRunner.runChildren(ParentRunner.java:288)
	at org.junit.runners.ParentRunner.access$000(ParentRunner.java:58)
	at org.junit.runners.ParentRunner$2.evaluate(ParentRunner.java:268)
	at org.junit.runners.ParentRunner.run(ParentRunner.java:363)
	at org.gradle.api.internal.tasks.testing.junit.JUnitTestClassExecutor.runTestClass(JUnitTestClassExecutor.java:110)
	at org.gradle.api.internal.tasks.testing.junit.JUnitTestClassExecutor.execute(JUnitTestClassExecutor.java:58)
	at org.gradle.api.internal.tasks.testing.junit.JUnitTestClassExecutor.execute(JUnitTestClassExecutor.java:38)
	at org.gradle.api.internal.tasks.testing.junit.AbstractJUnitTestClassProcessor.processTestClass(AbstractJUnitTestClassProcessor.java:62)
	at org.gradle.api.internal.tasks.testing.SuiteTestClassProcessor.processTestClass(SuiteTestClassProcessor.java:51)
	at java.base/jdk.internal.reflect.NativeMethodAccessorImpl.invoke0(Native Method)
	at java.base/jdk.internal.reflect.NativeMethodAccessorImpl.invoke(NativeMethodAccessorImpl.java:62)
	at java.base/jdk.internal.reflect.DelegatingMethodAccessorImpl.invoke(DelegatingMethodAccessorImpl.java:43)
	at java.base/java.lang.reflect.Method.invoke(Method.java:566)
	at org.gradle.internal.dispatch.ReflectionDispatch.dispatch(ReflectionDispatch.java:36)
	at org.gradle.internal.dispatch.ReflectionDispatch.dispatch(ReflectionDispatch.java:24)
	at org.gradle.internal.dispatch.ContextClassLoaderDispatch.dispatch(ContextClassLoaderDispatch.java:33)
	at org.gradle.internal.dispatch.ProxyDispatchAdapter$DispatchingInvocationHandler.invoke(ProxyDispatchAdapter.java:94)
	at com.sun.proxy.$Proxy2.processTestClass(Unknown Source)
	at org.gradle.api.internal.tasks.testing.worker.TestWorker.processTestClass(TestWorker.java:119)
	at java.base/jdk.internal.reflect.NativeMethodAccessorImpl.invoke0(Native Method)
	at java.base/jdk.internal.reflect.NativeMethodAccessorImpl.invoke(NativeMethodAccessorImpl.java:62)
	at java.base/jdk.internal.reflect.DelegatingMethodAccessorImpl.invoke(DelegatingMethodAccessorImpl.java:43)
	at java.base/java.lang.reflect.Method.invoke(Method.java:566)
	at org.gradle.internal.dispatch.ReflectionDispatch.dispatch(ReflectionDispatch.java:36)
	at org.gradle.internal.dispatch.ReflectionDispatch.dispatch(ReflectionDispatch.java:24)
	at org.gradle.internal.remote.internal.hub.MessageHubBackedObjectConnection$DispatchWrapper.dispatch(MessageHubBackedObjectConnection.java:182)
	at org.gradle.internal.remote.internal.hub.MessageHubBackedObjectConnection$DispatchWrapper.dispatch(MessageHubBackedObjectConnection.java:164)
	at org.gradle.internal.remote.internal.hub.MessageHub$Handler.run(MessageHub.java:414)
	at org.gradle.internal.concurrent.ExecutorPolicy$CatchAndRecordFailures.onExecute(ExecutorPolicy.java:64)
	at org.gradle.internal.concurrent.ManagedExecutorImpl$1.run(ManagedExecutorImpl.java:48)
	at java.base/java.util.concurrent.ThreadPoolExecutor.runWorker(ThreadPoolExecutor.java:1128)
	at java.base/java.util.concurrent.ThreadPoolExecutor$Worker.run(ThreadPoolExecutor.java:628)
	at org.gradle.internal.concurrent.ThreadFactoryImpl$ManagedThreadRunnable.run(ThreadFactoryImpl.java:56)
	at java.base/java.lang.Thread.run(Thread.java:834)
</failure>
    <failure message="org.hyperskill.hstest.exception.outcomes.WrongAnswer" type="org.hyperskill.hstest.exception.outcomes.WrongAnswer">org.hyperskill.hstest.exception.outcomes.WrongAnswer
	at org.hyperskill.hstest.stage.SpringTest.stopSpring(SpringTest.java:151)
	at org.hyperskill.hstest.stage.SpringTest.tearDown(SpringTest.java:132)
	at java.base/jdk.internal.reflect.NativeMethodAccessorImpl.invoke0(Native Method)
	at java.base/jdk.internal.reflect.NativeMethodAccessorImpl.invoke(NativeMethodAccessorImpl.java:62)
	at java.base/jdk.internal.reflect.DelegatingMethodAccessorImpl.invoke(DelegatingMethodAccessorImpl.java:43)
	at java.base/java.lang.reflect.Method.invoke(Method.java:566)
	at org.junit.runners.model.FrameworkMethod$1.runReflectiveCall(FrameworkMethod.java:50)
	at org.junit.internal.runners.model.ReflectiveCallable.run(ReflectiveCallable.java:12)
	at org.junit.runners.model.FrameworkMethod.invokeExplosively(FrameworkMethod.java:47)
	at org.junit.internal.runners.statements.RunAfters.evaluate(RunAfters.java:33)
	at org.junit.runners.ParentRunner.runLeaf(ParentRunner.java:325)
	at org.junit.runners.BlockJUnit4ClassRunner.runChild(BlockJUnit4ClassRunner.java:78)
	at org.junit.runners.BlockJUnit4ClassRunner.runChild(BlockJUnit4ClassRunner.java:57)
	at org.junit.runners.ParentRunner$3.run(ParentRunner.java:290)
	at org.junit.runners.ParentRunner$1.schedule(ParentRunner.java:71)
	at org.junit.runners.ParentRunner.runChildren(ParentRunner.java:288)
	at org.junit.runners.ParentRunner.access$000(ParentRunner.java:58)
	at org.junit.runners.ParentRunner$2.evaluate(ParentRunner.java:268)
	at org.junit.runners.ParentRunner.run(ParentRunner.java:363)
	at org.gradle.api.internal.tasks.testing.junit.JUnitTestClassExecutor.runTestClass(JUnitTestClassExecutor.java:110)
	at org.gradle.api.internal.tasks.testing.junit.JUnitTestClassExecutor.execute(JUnitTestClassExecutor.java:58)
	at org.gradle.api.internal.tasks.testing.junit.JUnitTestClassExecutor.execute(JUnitTestClassExecutor.java:38)
	at org.gradle.api.internal.tasks.testing.junit.AbstractJUnitTestClassProcessor.processTestClass(AbstractJUnitTestClassProcessor.java:62)
	at org.gradle.api.internal.tasks.testing.SuiteTestClassProcessor.processTestClass(SuiteTestClassProcessor.java:51)
	at java.base/jdk.internal.reflect.NativeMethodAccessorImpl.invoke0(Native Method)
	at java.base/jdk.internal.reflect.NativeMethodAccessorImpl.invoke(NativeMethodAccessorImpl.java:62)
	at java.base/jdk.internal.reflect.DelegatingMethodAccessorImpl.invoke(DelegatingMethodAccessorImpl.java:43)
	at java.base/java.lang.reflect.Method.invoke(Method.java:566)
	at org.gradle.internal.dispatch.ReflectionDispatch.dispatch(ReflectionDispatch.java:36)
	at org.gradle.internal.dispatch.ReflectionDispatch.dispatch(ReflectionDispatch.java:24)
	at org.gradle.internal.dispatch.ContextClassLoaderDispatch.dispatch(ContextClassLoaderDispatch.java:33)
	at org.gradle.internal.dispatch.ProxyDispatchAdapter$DispatchingInvocationHandler.invoke(ProxyDispatchAdapter.java:94)
	at com.sun.proxy.$Proxy2.processTestClass(Unknown Source)
	at org.gradle.api.internal.tasks.testing.worker.TestWorker.processTestClass(TestWorker.java:119)
	at java.base/jdk.internal.reflect.NativeMethodAccessorImpl.invoke0(Native Method)
	at java.base/jdk.internal.reflect.NativeMethodAccessorImpl.invoke(NativeMethodAccessorImpl.java:62)
	at java.base/jdk.internal.reflect.DelegatingMethodAccessorImpl.invoke(DelegatingMethodAccessorImpl.java:43)
	at java.base/java.lang.reflect.Method.invoke(Method.java:566)
	at org.gradle.internal.dispatch.ReflectionDispatch.dispatch(ReflectionDispatch.java:36)
	at org.gradle.internal.dispatch.ReflectionDispatch.dispatch(ReflectionDispatch.java:24)
	at org.gradle.internal.remote.internal.hub.MessageHubBackedObjectConnection$DispatchWrapper.dispatch(MessageHubBackedObjectConnection.java:182)
	at org.gradle.internal.remote.internal.hub.MessageHubBackedObjectConnection$DispatchWrapper.dispatch(MessageHubBackedObjectConnection.java:164)
	at org.gradle.internal.remote.internal.hub.MessageHub$Handler.run(MessageHub.java:414)
	at org.gradle.internal.concurrent.ExecutorPolicy$CatchAndRecordFailures.onExecute(ExecutorPolicy.java:64)
	at org.gradle.internal.concurrent.ManagedExecutorImpl$1.run(ManagedExecutorImpl.java:48)
	at java.base/java.util.concurrent.ThreadPoolExecutor.runWorker(ThreadPoolExecutor.java:1128)
	at java.base/java.util.concurrent.ThreadPoolExecutor$Worker.run(ThreadPoolExecutor.java:628)
	at org.gradle.internal.concurrent.ThreadFactoryImpl$ManagedThreadRunnable.run(ThreadFactoryImpl.java:56)
	at java.base/java.lang.Thread.run(Thread.java:834)
</failure>
  </testcase>
  <system-out><![CDATA[?[1;31m
Start test 1?[0m

  .   ____          _            __ _ _
 /\\ / ___'_ __ _ _(_)_ __  __ _ \ \ \ \
( ( )\___ | '_ | '_| | '_ \/ _` | \ \ \ \
 \\/  ___)| |_)| | | | | || (_| |  ) ) ) )
  '  |____| .__|_| |_|_| |_\__, | / / / /
 =========|_|==============|___/=/_/_/_/
 :: Spring Boot ::        (v2.2.2.RELEASE)

2021-07-01 20:29:43.548  INFO 6888 --- [    Test worker] engine.WebQuizEngine                     : Starting WebQuizEngine on DESKTOP-9MJNA4D with PID 6888 (started by erikj in D:\Web Quiz Engine\Web Quiz Engine\task)
2021-07-01 20:29:43.553  INFO 6888 --- [    Test worker] engine.WebQuizEngine                     : No active profile set, falling back to default profiles: default
2021-07-01 20:29:44.612  INFO 6888 --- [    Test worker] .s.d.r.c.RepositoryConfigurationDelegate : Bootstrapping Spring Data JPA repositories in DEFAULT mode.
2021-07-01 20:29:44.665  INFO 6888 --- [    Test worker] .s.d.r.c.RepositoryConfigurationDelegate : Finished Spring Data repository scanning in 44ms. Found 1 JPA repository interfaces.
2021-07-01 20:29:45.001  INFO 6888 --- [    Test worker] trationDelegate$BeanPostProcessorChecker : Bean 'org.springframework.transaction.annotation.ProxyTransactionManagementConfiguration' of type [org.springframework.transaction.annotation.ProxyTransactionManagementConfiguration] is not eligible for getting processed by all BeanPostProcessors (for example: not eligible for auto-proxying)
2021-07-01 20:29:45.264  INFO 6888 --- [    Test worker] o.s.b.w.embedded.tomcat.TomcatWebServer  : Tomcat initialized with port(s): 9090 (http)
2021-07-01 20:29:45.291  INFO 6888 --- [    Test worker] o.apache.catalina.core.StandardService   : Starting service [Tomcat]
2021-07-01 20:29:45.292  INFO 6888 --- [    Test worker] org.apache.catalina.core.StandardEngine  : Starting Servlet engine: [Apache Tomcat/9.0.29]
2021-07-01 20:29:45.415  INFO 6888 --- [    Test worker] o.a.c.c.C.[Tomcat].[localhost].[/]       : Initializing Spring embedded WebApplicationContext
2021-07-01 20:29:45.415  INFO 6888 --- [    Test worker] o.s.web.context.ContextLoader            : Root WebApplicationContext: initialization completed in 1819 ms
2021-07-01 20:29:45.536  INFO 6888 --- [    Test worker] com.zaxxer.hikari.HikariDataSource       : HikariPool-1 - Starting...
2021-07-01 20:29:45.759  INFO 6888 --- [    Test worker] com.zaxxer.hikari.HikariDataSource       : HikariPool-1 - Start completed.
2021-07-01 20:29:45.768  INFO 6888 --- [    Test worker] o.s.b.a.h2.H2ConsoleAutoConfiguration    : H2 console available at '/h2-console'. Database available at 'jdbc:h2:file:../quizdb'
2021-07-01 20:29:46.017  INFO 6888 --- [    Test worker] o.hibernate.jpa.internal.util.LogHelper  : HHH000204: Processing PersistenceUnitInfo [name: default]
2021-07-01 20:29:46.114  INFO 6888 --- [    Test worker] org.hibernate.Version                    : HHH000412: Hibernate Core {5.4.9.Final}
2021-07-01 20:29:46.318  INFO 6888 --- [    Test worker] o.hibernate.annotations.common.Version   : HCANN000001: Hibernate Commons Annotations {5.1.0.Final}
2021-07-01 20:29:46.442  INFO 6888 --- [    Test worker] org.hibernate.dialect.Dialect            : HHH000400: Using dialect: org.hibernate.dialect.H2Dialect
Hibernate: create table quiz (id bigint not null, answer binary(255), options binary(255), text varchar(255), title varchar(255), primary key (id))
Hibernate: create sequence hibernate_sequence start with 1 increment by 1
2021-07-01 20:29:47.105  INFO 6888 --- [    Test worker] o.h.e.t.j.p.i.JtaPlatformInitiator       : HHH000490: Using JtaPlatform implementation: [org.hibernate.engine.transaction.jta.platform.internal.NoJtaPlatform]
2021-07-01 20:29:47.114  INFO 6888 --- [    Test worker] j.LocalContainerEntityManagerFactoryBean : Initialized JPA EntityManagerFactory for persistence unit 'default'
2021-07-01 20:29:47.434  WARN 6888 --- [    Test worker] JpaBaseConfiguration$JpaWebConfiguration : spring.jpa.open-in-view is enabled by default. Therefore, database queries may be performed during view rendering. Explicitly configure spring.jpa.open-in-view to disable this warning
2021-07-01 20:29:47.536  INFO 6888 --- [    Test worker] o.s.s.concurrent.ThreadPoolTaskExecutor  : Initializing ExecutorService 'applicationTaskExecutor'
2021-07-01 20:29:47.830  INFO 6888 --- [    Test worker] .s.s.UserDetailsServiceAutoConfiguration : 

Using generated security password: ac35fc9c-6443-4cf6-8af4-47ae1ac0224d

2021-07-01 20:29:47.915  INFO 6888 --- [    Test worker] o.s.s.web.DefaultSecurityFilterChain     : Creating filter chain: any request, [org.springframework.security.web.context.request.async.WebAsyncManagerIntegrationFilter@7aca4cd1, org.springframework.security.web.context.SecurityContextPersistenceFilter@6258e9ea, org.springframework.security.web.header.HeaderWriterFilter@4dea01c9, org.springframework.security.web.csrf.CsrfFilter@294c2b7f, org.springframework.security.web.authentication.logout.LogoutFilter@59535e07, org.springframework.security.web.authentication.UsernamePasswordAuthenticationFilter@b7051ff, org.springframework.security.web.authentication.ui.DefaultLoginPageGeneratingFilter@56263ded, org.springframework.security.web.authentication.ui.DefaultLogoutPageGeneratingFilter@4f705240, org.springframework.security.web.authentication.www.BasicAuthenticationFilter@182212d9, org.springframework.security.web.savedrequest.RequestCacheAwareFilter@69d549b9, org.springframework.security.web.servletapi.SecurityContextHolderAwareRequestFilter@98af5, org.springframework.security.web.authentication.AnonymousAuthenticationFilter@f96fb49, org.springframework.security.web.session.SessionManagementFilter@3ead8c5e, org.springframework.security.web.access.ExceptionTranslationFilter@7b32d672, org.springframework.security.web.access.intercept.FilterSecurityInterceptor@48084fbc]
2021-07-01 20:29:47.948  INFO 6888 --- [    Test worker] o.s.b.a.e.web.EndpointLinksResolver      : Exposing 14 endpoint(s) beneath base path '/actuator'
2021-07-01 20:29:48.009  INFO 6888 --- [    Test worker] o.s.b.w.embedded.tomcat.TomcatWebServer  : Tomcat started on port(s): 9090 (http) with context path ''
2021-07-01 20:29:48.012  INFO 6888 --- [    Test worker] engine.WebQuizEngine                     : Started WebQuizEngine in 4.816 seconds (JVM running for 5.639)
2021-07-01 20:29:48.357  INFO 6888 --- [nio-9090-exec-1] o.a.c.c.C.[Tomcat].[localhost].[/]       : Initializing Spring DispatcherServlet 'dispatcherServlet'
2021-07-01 20:29:48.358  INFO 6888 --- [nio-9090-exec-1] o.s.web.servlet.DispatcherServlet        : Initializing Servlet 'dispatcherServlet'
2021-07-01 20:29:48.369  INFO 6888 --- [nio-9090-exec-1] o.s.web.servlet.DispatcherServlet        : Completed initialization in 11 ms
]]></system-out>
  <system-err><![CDATA[]]></system-err>
</testsuite>
